[35m[Appium][39m Welcome to Appium v1.22.3
[35m[Appium][39m Non-default server args:
[35m[Appium][39m   port: 50272
[35m[Appium][39m   loglevel: info
[35m[Appium][39m   tmpDir: C:\Users\HP\AppData\Local\Temp\\Katalon\Appium\Temp1653040113106
[35m[Appium][39m   chromedriverPort: 50273
[35m[Appium][39m Deprecated server args:
[35m[Appium][39m   [31m--chromedriver-port[39m => --default-capabilities
[35m[Appium][39m Default capabilities, which will be added to each request unless overridden by desired capabilities:
[35m[Appium][39m   chromedriverPort: 50273
[35m[Appium][39m Appium REST http interface listener started on 0.0.0.0:50272
[35m[HTTP][39m [37m-->[39m [37mGET[39m [37m/wd/hub/status[39m
[35m[HTTP][39m [90m{}[39m
[35m[HTTP][39m [37m<-- GET /wd/hub/status [39m[32m200[39m [90m5 ms - 68[39m
[35m[HTTP][39m [90m[39m
[35m[HTTP][39m [37m-->[39m [37mGET[39m [37m/wd/hub/status[39m
[35m[HTTP][39m [90m{}[39m
[35m[HTTP][39m [37m<-- GET /wd/hub/status [39m[32m200[39m [90m1 ms - 68[39m
[35m[HTTP][39m [90m[39m
[35m[HTTP][39m [37m-->[39m [37mPOST[39m [37m/wd/hub/session[39m
[35m[HTTP][39m [90m{"desiredCapabilities":{"app":"C:\\Users\\HP\\Downloads\\alta-online-shop.apk","noReset":true,"deviceName":"emulator-5554 (AOSP on IA Emulator - Android 9)","fullReset":false,"platform":"ANDROID","newCommandTimeout":1800,"platformVersion":"9","automationName":"uiautomator2","autoGrantPermissions":true,"platformName":"Android","udid":"emulator-5554","systemPort":50278},"capabilities":{"firstMatch":[{"appium:app":"C:\\Users\\HP\\Downloads\\alta-online-shop.apk","appium:autoGrantPermissions":true,"appium:automationName":"uiautomator2","appium:deviceName":"emulator-5554 (AOSP on IA Emulator - Android 9)","appium:fullReset":false,"appium:newCommandTimeout":1800,"appium:noReset":true,"platform":"ANDROID","platformName":"android","appium:platformVersion":"9","appium:systemPort":50278,"appium:udid":"emulator-5554"}]}}[39m
[35m[BaseDriver][39m The following capabilities are not standard capabilities and should have an extension prefix:
[35m[BaseDriver][39m   platform
[35m[BaseDriver][39m   chromedriverPort
[35m[Appium][39m Appium v1.22.3 creating new AndroidUiautomator2Driver (v1.70.1) session
[35m[BaseDriver][39m The following capabilities were provided, but are not recognized by Appium:
[35m[BaseDriver][39m   platform
[35m[BaseDriver][39m Session created with session id: 1e0b9fac-1399-4f91-a334-123e8760ff80
[35m[BaseDriver][39m Using local app 'C:\Users\HP\Downloads\alta-online-shop.apk'
[35m[ADB][39m Found 3 'build-tools' folders under 'C:\Users\HP\AppData\Local\Android\Sdk' (newest first):
[35m[ADB][39m     C:/Users/HP/AppData/Local/Android/Sdk/build-tools/33.0.0-rc2
[35m[ADB][39m     C:/Users/HP/AppData/Local/Android/Sdk/build-tools/32.1.0-rc1
[35m[ADB][39m     C:/Users/HP/AppData/Local/Android/Sdk/build-tools/32.0.0
[35m[ADB][39m Using 'adb.exe' from 'C:\Users\HP\AppData\Local\Android\Sdk\platform-tools\adb.exe'
[35m[AndroidDriver][39m Retrieving device list
[35m[AndroidDriver][39m Using device: emulator-5554
[35m[ADB][39m Using 'adb.exe' from 'C:\Users\HP\AppData\Local\Android\Sdk\platform-tools\adb.exe'
[35m[ADB][39m Getting device platform version
[35m[UiAutomator2][39m Relaxing hidden api policy
[35m[ADB][39m Package name: 'com.example.frontend_mobile'
[35m[ADB][39m Main activity name: 'com.example.frontend_mobile.MainActivity'
[35m[ADB][39m Using 'apksigner.jar' from 'C:\Users\HP\AppData\Local\Android\Sdk\build-tools\33.0.0-rc2\lib\apksigner.jar'
[35m[ADB][39m 'C:\Users\HP\AppData\Roaming\npm\node_modules\appium\node_modules\appium-uiautomator2-server\apks\appium-uiautomator2-server-v4.27.0.apk' is signed with the default certificate
[35m[ADB][39m 'C:\Users\HP\AppData\Roaming\npm\node_modules\appium\node_modules\appium-uiautomator2-server\apks\appium-uiautomator2-server-debug-androidTest.apk' is signed with the default certificate
[35m[UiAutomator2][39m Server packages are not going to be (re)installed
[35m[ADB][39m Adding packages ["io.appium.settings","io.appium.uiautomator2.server","io.appium.uiautomator2.server.test"] to Doze whitelist
[35m[ADB][39m 'C:\Users\HP\Downloads\alta-online-shop.apk' is signed with a non-default certificate
[35m[UiAutomator2][39m Starting UIAutomator2 server 4.27.0
[35m[UiAutomator2][39m Using UIAutomator2 server from 'C:\Users\HP\AppData\Roaming\npm\node_modules\appium\node_modules\appium-uiautomator2-server\apks\appium-uiautomator2-server-v4.27.0.apk' and test from 'C:\Users\HP\AppData\Roaming\npm\node_modules\appium\node_modules\appium-uiautomator2-server\apks\appium-uiautomator2-server-debug-androidTest.apk'
[35m[UiAutomator2][39m Waiting up to 30000ms for UiAutomator2 to be online...
[35m[WD Proxy][39m socket hang up
[35m[WD Proxy][39m socket hang up
[35m[WD Proxy][39m socket hang up
[35m[WD Proxy][39m Determined the downstream protocol as 'W3C'
[35m[AndroidDriver][39m Screen already unlocked, doing nothing
[35m[UiAutomator2][39m Starting 'com.example.frontend_mobile/com.example.frontend_mobile.MainActivity and waiting for 'com.example.frontend_mobile/com.example.frontend_mobile.MainActivity'
[35m[Appium][39m New AndroidUiautomator2Driver session created successfully, session 1e0b9fac-1399-4f91-a334-123e8760ff80 added to master session list
[35m[HTTP][39m [37m<-- POST /wd/hub/session [39m[32m200[39m [90m11239 ms - 1289[39m
[35m[HTTP][39m [90m[39m
[35m[HTTP][39m [37m-->[39m [37mGET[39m [37m/wd/hub/session/1e0b9fac-1399-4f91-a334-123e8760ff80[39m
[35m[HTTP][39m [90m{}[39m
[35m[HTTP][39m [37m<-- GET /wd/hub/session/1e0b9fac-1399-4f91-a334-123e8760ff80 [39m[32m200[39m [90m14 ms - 1243[39m
[35m[HTTP][39m [90m[39m
[35m[HTTP][39m [37m-->[39m [37mGET[39m [37m/wd/hub/session/1e0b9fac-1399-4f91-a334-123e8760ff80[39m
[35m[HTTP][39m [90m{}[39m
[35m[HTTP][39m [37m<-- GET /wd/hub/session/1e0b9fac-1399-4f91-a334-123e8760ff80 [39m[32m200[39m [90m14 ms - 1243[39m
[35m[HTTP][39m [90m[39m
[35m[HTTP][39m [37m-->[39m [37mGET[39m [37m/wd/hub/status[39m
[35m[HTTP][39m [90m{}[39m
[35m[HTTP][39m [37m<-- GET /wd/hub/status [39m[32m200[39m [90m1 ms - 68[39m
[35m[HTTP][39m [90m[39m
[35m[HTTP][39m [37m-->[39m [37mPOST[39m [37m/wd/hub/session/1e0b9fac-1399-4f91-a334-123e8760ff80/timeouts[39m
[35m[HTTP][39m [90m{"implicit":60000}[39m
[35m[HTTP][39m [37m<-- POST /wd/hub/session/1e0b9fac-1399-4f91-a334-123e8760ff80/timeouts [39m[32m200[39m [90m3 ms - 14[39m
[35m[HTTP][39m [90m[39m
[35m[HTTP][39m [37m-->[39m [37mGET[39m [37m/wd/hub/session/1e0b9fac-1399-4f91-a334-123e8760ff80/source[39m
[35m[HTTP][39m [90m{}[39m
[35m[W3C (1e0b9fac)][39m Driver proxy active, passing request on via HTTP proxy
[35m[WD Proxy][39m Replacing sessionId 48a03867-68fb-4d9f-84ae-2af11c45bb5b with 1e0b9fac-1399-4f91-a334-123e8760ff80
[35m[HTTP][39m [37m<-- GET /wd/hub/session/1e0b9fac-1399-4f91-a334-123e8760ff80/source [39m[32m200[39m [90m275 ms - 5713[39m
[35m[HTTP][39m [90m[39m
[35m[HTTP][39m [37m-->[39m [37mGET[39m [37m/wd/hub/session/1e0b9fac-1399-4f91-a334-123e8760ff80/screenshot[39m
[35m[HTTP][39m [90m{}[39m
[35m[HTTP][39m [37m<-- GET /wd/hub/session/1e0b9fac-1399-4f91-a334-123e8760ff80/screenshot [39m[32m200[39m [90m340 ms - 75020[39m
[35m[HTTP][39m [90m[39m
[35m[HTTP][39m [37m-->[39m [37mGET[39m [37m/wd/hub/session/1e0b9fac-1399-4f91-a334-123e8760ff80/source[39m
[35m[HTTP][39m [90m{}[39m
[35m[W3C (1e0b9fac)][39m Driver proxy active, passing request on via HTTP proxy
[35m[WD Proxy][39m Replacing sessionId 48a03867-68fb-4d9f-84ae-2af11c45bb5b with 1e0b9fac-1399-4f91-a334-123e8760ff80
[35m[HTTP][39m [37m<-- GET /wd/hub/session/1e0b9fac-1399-4f91-a334-123e8760ff80/source [39m[32m200[39m [90m155 ms - 16116[39m
[35m[HTTP][39m [90m[39m
[35m[HTTP][39m [37m-->[39m [37mGET[39m [37m/wd/hub/session/1e0b9fac-1399-4f91-a334-123e8760ff80/screenshot[39m
[35m[HTTP][39m [90m{}[39m
[35m[HTTP][39m [37m<-- GET /wd/hub/session/1e0b9fac-1399-4f91-a334-123e8760ff80/screenshot [39m[32m200[39m [90m239 ms - 176900[39m
[35m[HTTP][39m [90m[39m
[35m[HTTP][39m [37m-->[39m [37mPOST[39m [37m/wd/hub/session/1e0b9fac-1399-4f91-a334-123e8760ff80/elements[39m
[35m[HTTP][39m [90m{"using":"xpath","value":"//*[@class = 'android.widget.Button' and @resource-id = '' and (@text = '' or . = '')]"}[39m
[35m[HTTP][39m [37m<-- POST /wd/hub/session/1e0b9fac-1399-4f91-a334-123e8760ff80/elements [39m[32m200[39m [90m504 ms - 779[39m
[35m[HTTP][39m [90m[39m
[35m[HTTP][39m [37m-->[39m [37mPOST[39m [37m/wd/hub/session/1e0b9fac-1399-4f91-a334-123e8760ff80/elements[39m
[35m[HTTP][39m [90m{"using":"accessibility id","value":"0"}[39m
[35m[HTTP][39m [37m<-- POST /wd/hub/session/1e0b9fac-1399-4f91-a334-123e8760ff80/elements [39m[32m200[39m [90m20 ms - 139[39m
[35m[HTTP][39m [90m[39m
[35m[HTTP][39m [37m-->[39m [37mDELETE[39m [37m/wd/hub/session/1e0b9fac-1399-4f91-a334-123e8760ff80[39m
[35m[HTTP][39m [90m{}[39m
[35m[Appium][39m Removing session 1e0b9fac-1399-4f91-a334-123e8760ff80 from our master session list
[35m[UiAutomator2][39m Restoring hidden api policy to the device default configuration
[35m[HTTP][39m [37m<-- DELETE /wd/hub/session/1e0b9fac-1399-4f91-a334-123e8760ff80 [39m[32m200[39m [90m407 ms - 14[39m
[35m[HTTP][39m [90m[39m
